
> next-dev-utils@1.0.11-rc4 build /Users/sila/Documents/Project/next-dev-team/next-dev/packages/utils
> tsup src --format cjs --minify --dts --external react

CLI Building entry: src/_asyncSleep.ts, src/_authority.ts, src/_axios.ts, src/_browser.ts, src/_capitalize.ts, src/_constantDate.ts, src/_constantLayout.ts, src/_constantsValidateAntENG.ts, src/_copyToClipboard.ts, src/_dataArrayToOption.ts, src/_date.ts, src/_debugDeprecated.ts, src/_debugLogger.ts, src/_debugWarning.ts, src/_devLorem.ts, src/_files.ts, src/_formatTimeMs.ts, src/_getKeyNameByValue.ts, src/_getOnlyValue.ts, src/_isArray.ts, src/_isBoolean.ts, src/_isClient.ts, src/_isEmpty.ts, src/_isEqual.ts, src/_isExternalLink.ts, src/_isFunction.ts, src/_isImg.ts, src/_isInteger.ts, src/_isKeyOf.ts, src/_isMergableObject.ts, src/_isMobile.ts, src/_isNaN.ts, src/_isNull.ts, src/_isNumber.ts, src/_isObject.ts, src/_isPromise.ts, src/_isRegExp.ts, src/_isSsr.ts, src/_isString.ts, src/_isUndefined.ts, src/_keyCode.ts, src/_listToFlat.ts, src/_nanoid.ts, src/_noop.ts, src/_objGetOnlyValue.ts, src/_objToUndef.ts, src/_omit.ts, src/_pickBy.ts, src/_placeholder.ts, src/_removeEmpty.ts, src/_removeNil.ts, src/_renameObjKeys.ts, src/_store.ts, src/_textEllipsis.ts, src/_toArray.ts, src/_toInteger.ts, src/_toNumber.ts, src/_toString.ts, src/_toUpper.ts, src/_tw.ts, src/_upperCase.ts, src/_upperFirst.ts, src/_urlToList.ts, src/index.ts, src/__capitalize/index.ts, src/__isArray/index.ts, src/__omit/index.ts, src/__isFunction/index.ts, src/_axios/index.ts, src/_encrypt/index.ts, src/_regex/index.ts, src/_regexDevice/index.ts, src/_regexEmail/index.ts, src/_regexNumber/index.ts, src/_regexPassword/index.ts, src/_regexPhone/index.ts, src/_request/axiosInstance.ts, src/_request/index.ts, src/_types/index.ts
CLI Using tsconfig: tsconfig.json
CLI tsup v6.5.0
CLI Target: es6
CJS Build start
CJS dist/_asyncSleep.js              552.00 B
CJS dist/__capitalize/index.js       708.00 B
CJS dist/__isArray/index.js          699.00 B
CJS dist/_encrypt/index.js           3.10 KB
CJS dist/_regex/index.js             1.98 KB
CJS dist/_regexEmail/index.js        665.00 B
CJS dist/_regexNumber/index.js       655.00 B
CJS dist/_regexPassword/index.js     690.00 B
CJS dist/_regexDevice/index.js       680.00 B
CJS dist/_regexPhone/index.js        685.00 B
CJS dist/_types/index.js             397.00 B
CJS dist/_request/index.js           2.55 KB
CJS dist/_axios.js                   683.00 B
CJS dist/_authority.js               1.11 KB
CJS dist/_browser.js                 1.17 KB
CJS dist/_capitalize.js              708.00 B
CJS dist/_constantLayout.js          1001.00 B
CJS dist/_copyToClipboard.js         1.25 KB
CJS dist/__isFunction/index.js       708.00 B
CJS dist/_dataArrayToOption.js       633.00 B
CJS dist/_debugLogger.js             1.08 KB
CJS dist/_date.js                    834.00 B
CJS dist/_debugWarning.js            892.00 B
CJS dist/_files.js                   806.00 B
CJS dist/_getOnlyValue.js            754.00 B
CJS dist/_isClient.js                619.00 B
CJS dist/_getKeyNameByValue.js       584.00 B
CJS dist/_debugDeprecated.js         676.00 B
CJS dist/_devLorem.js                1.17 KB
CJS dist/_constantDate.js            591.00 B
CJS dist/_isEmpty.js                 699.00 B
CJS dist/__omit/index.js             690.00 B
CJS dist/_formatTimeMs.js            807.00 B
CJS dist/_isInteger.js               705.00 B
CJS dist/_isKeyOf.js                 529.00 B
CJS dist/_isEqual.js                 699.00 B
CJS dist/_isMergableObject.js        739.00 B
CJS dist/_isMobile.js                2.54 KB
CJS dist/_isNull.js                  696.00 B
CJS dist/_isBoolean.js               705.00 B
CJS dist/_axios/index.js             683.00 B
CJS dist/_isObject.js                702.00 B
CJS dist/_isArray.js                 699.00 B
CJS dist/_isSsr.js                   621.00 B
CJS dist/_isFunction.js              708.00 B
CJS dist/_isString.js                702.00 B
CJS dist/_keyCode.js                 2.43 KB
CJS dist/_isExternalLink.js          2.03 KB
CJS dist/_nanoid.js                  866.00 B
CJS dist/_isUndefined.js             711.00 B
CJS dist/_noop.js                    690.00 B
CJS dist/_isNaN.js                   693.00 B
CJS dist/_pickBy.js                  696.00 B
CJS dist/_placeholder.js             3.67 KB
CJS dist/_omit.js                    690.00 B
CJS dist/_isPromise.js               594.00 B
CJS dist/_removeNil.js               733.00 B
CJS dist/_store.js                   949.00 B
CJS dist/_objGetOnlyValue.js         762.00 B
CJS dist/_isRegExp.js                702.00 B
CJS dist/_toInteger.js               705.00 B
CJS dist/_toNumber.js                702.00 B
CJS dist/_toArray.js                 699.00 B
CJS dist/_toString.js                702.00 B
CJS dist/_tw.js                      560.00 B
CJS dist/_toUpper.js                 699.00 B
CJS dist/_upperCase.js               705.00 B
CJS dist/_upperFirst.js              708.00 B
CJS dist/index.js                    20.52 KB
CJS dist/_textEllipsis.js            565.00 B
CJS dist/_listToFlat.js              780.00 B
CJS dist/_removeEmpty.js             1.09 KB
CJS dist/_isImg.js                   574.00 B
CJS dist/_constantsValidateAntENG.js 1.78 KB
CJS dist/_renameObjKeys.js           930.00 B
CJS dist/_objToUndef.js              774.00 B
CJS dist/_urlToList.js               624.00 B
CJS dist/_isNumber.js                702.00 B
CJS dist/_request/axiosInstance.js   1.60 KB
CJS ⚡️ Build success in 59ms
DTS Build start
DTS ⚡️ Build success in 1210ms
DTS dist/_asyncSleep.d.ts              96.00 B
DTS dist/_authority.d.ts               675.00 B
DTS dist/_axios.d.ts                   43.00 B
DTS dist/_browser.d.ts                 541.00 B
DTS dist/_capitalize.d.ts              63.00 B
DTS dist/_constantDate.d.ts            182.00 B
DTS dist/_constantLayout.d.ts          1.41 KB
DTS dist/_constantsValidateAntENG.d.ts 994.00 B
DTS dist/_copyToClipboard.d.ts         202.00 B
DTS dist/_types/index.d.ts             1.86 KB
DTS dist/_dataArrayToOption.d.ts       494.00 B
DTS dist/_date.d.ts                    161.00 B
DTS dist/_debugDeprecated.d.ts         112.00 B
DTS dist/_debugLogger.d.ts             942.00 B
DTS dist/_debugWarning.d.ts            444.00 B
DTS dist/_devLorem.d.ts                516.00 B
DTS dist/_files.d.ts                   267.00 B
DTS dist/_formatTimeMs.d.ts            414.00 B
DTS dist/_getKeyNameByValue.d.ts       564.00 B
DTS dist/_getOnlyValue.d.ts            148.00 B
DTS dist/_isArray.d.ts                 57.00 B
DTS dist/_isBoolean.d.ts               61.00 B
DTS dist/_isClient.d.ts                57.00 B
DTS dist/_isEmpty.d.ts                 57.00 B
DTS dist/_isEqual.d.ts                 57.00 B
DTS dist/_isExternalLink.d.ts          141.00 B
DTS dist/_isFunction.d.ts              63.00 B
DTS dist/_isImg.d.ts                   117.00 B
DTS dist/_isInteger.d.ts               61.00 B
DTS dist/_isKeyOf.d.ts                 415.00 B
DTS dist/_isMergableObject.d.ts        274.00 B
DTS dist/_isMobile.d.ts                99.00 B
DTS dist/_isNaN.d.ts                   53.00 B
DTS dist/_isNull.d.ts                  55.00 B
DTS dist/_isNumber.d.ts                59.00 B
DTS dist/_isObject.d.ts                59.00 B
DTS dist/_isPromise.d.ts               231.00 B
DTS dist/_isRegExp.d.ts                59.00 B
DTS dist/_isSsr.d.ts                   62.00 B
DTS dist/_isString.d.ts                59.00 B
DTS dist/_isUndefined.d.ts             65.00 B
DTS dist/_keyCode.d.ts                 5.35 KB
DTS dist/_listToFlat.d.ts              633.00 B
DTS dist/_nanoid.d.ts                  154.00 B
DTS dist/_noop.d.ts                    51.00 B
DTS dist/_objGetOnlyValue.d.ts         154.00 B
DTS dist/_objToUndef.d.ts              283.00 B
DTS dist/_omit.d.ts                    51.00 B
DTS dist/_pickBy.d.ts                  55.00 B
DTS dist/_placeholder.d.ts             101.00 B
DTS dist/_removeEmpty.d.ts             174.00 B
DTS dist/_removeNil.d.ts               139.00 B
DTS dist/_renameObjKeys.d.ts           577.00 B
DTS dist/_store.d.ts                   254.00 B
DTS dist/_textEllipsis.d.ts            213.00 B
DTS dist/_toArray.d.ts                 57.00 B
DTS dist/_toInteger.d.ts               61.00 B
DTS dist/_toNumber.d.ts                59.00 B
DTS dist/_toString.d.ts                59.00 B
DTS dist/_toUpper.d.ts                 57.00 B
DTS dist/_tw.d.ts                      238.00 B
DTS dist/_upperCase.d.ts               61.00 B
DTS dist/_upperFirst.d.ts              63.00 B
DTS dist/_urlToList.d.ts               266.00 B
DTS dist/index.d.ts                    3.54 KB
DTS dist/_regexEmail/index.d.ts        138.00 B
DTS dist/_regexPhone/index.d.ts        166.00 B
DTS dist/_regexPassword/index.d.ts     225.00 B
DTS dist/_regexNumber/index.d.ts       454.00 B
DTS dist/_request/index.d.ts           1.36 KB
DTS dist/_request/axiosInstance.d.ts   490.00 B
DTS dist/__capitalize/index.d.ts       63.00 B
DTS dist/__isArray/index.d.ts          57.00 B
DTS dist/__omit/index.d.ts             51.00 B
DTS dist/__isFunction/index.d.ts       63.00 B
DTS dist/_axios/index.d.ts             43.00 B
DTS dist/_encrypt/index.d.ts           1.92 KB
DTS dist/_regex/index.d.ts             595.00 B
DTS dist/_regexDevice/index.d.ts       158.00 B
